<?xml version="1.0" encoding="UTF-8"?>
<testng-results total="1" passed="1" failed="0" skipped="0">
  <reporter-output>
    <line>
      <![CDATA[Jenkins Practice1]]>
    </line>
  </reporter-output>
  <suite started-at="2022-09-22T19:11:42Z" name="Default suite" finished-at="2022-09-22T19:11:42Z" duration-ms="37">
    <groups>
    </groups>
    <test started-at="2022-09-22T19:11:42Z" name="Default test" finished-at="2022-09-22T19:11:42Z" duration-ms="37">
      <class name="Jenkinspractice.JenPractice1Test">
        <test-method signature="jenPractice1()[pri:0, instance:Jenkinspractice.JenPractice1Test@ae3540e]" started-at="2022-09-23T00:41:42Z" name="jenPractice1" finished-at="2022-09-23T00:41:42Z" duration-ms="14" status="PASS">
          <reporter-output>
            <line>
              <![CDATA[Jenkins Practice1]]>
            </line>
          </reporter-output>
        </test-method> <!-- jenPractice1 -->
      </class> <!-- Jenkinspractice.JenPractice1Test -->
    </test> <!-- Default test -->
  </suite> <!-- Default suite -->
</testng-results>
